{"/home/amanda_peggie/LBG4-API/app.js": {"path":"/home/amanda_peggie/LBG4-API/app.js","statementMap":{"0":{"start":{"line":2,"column":16},"end":{"line":2,"column":34}},"1":{"start":{"line":5,"column":18},"end":{"line":5,"column":33}},"2":{"start":{"line":8,"column":18},"end":{"line":8,"column":40}},"3":{"start":{"line":11,"column":12},"end":{"line":11,"column":21}},"4":{"start":{"line":14,"column":11},"end":{"line":14,"column":26}},"5":{"start":{"line":17,"column":0},"end":{"line":17,"column":27}},"6":{"start":{"line":18,"column":0},"end":{"line":20,"column":4}},"7":{"start":{"line":23,"column":0},"end":{"line":23,"column":47}},"8":{"start":{"line":26,"column":9},"end":{"line":26,"column":10}},"9":{"start":{"line":30,"column":18},"end":{"line":40,"column":1}},"10":{"start":{"line":32,"column":15},"end":{"line":37,"column":5}},"11":{"start":{"line":39,"column":4},"end":{"line":39,"column":16}},"12":{"start":{"line":43,"column":0},"end":{"line":60,"column":3}},"13":{"start":{"line":45,"column":4},"end":{"line":45,"column":35}},"14":{"start":{"line":47,"column":15},"end":{"line":47,"column":103}},"15":{"start":{"line":49,"column":4},"end":{"line":49,"column":9}},"16":{"start":{"line":52,"column":4},"end":{"line":59,"column":7}},"17":{"start":{"line":54,"column":8},"end":{"line":54,"column":31}},"18":{"start":{"line":54,"column":17},"end":{"line":54,"column":31}},"19":{"start":{"line":56,"column":8},"end":{"line":56,"column":35}},"20":{"start":{"line":58,"column":8},"end":{"line":58,"column":61}},"21":{"start":{"line":63,"column":0},"end":{"line":76,"column":3}},"22":{"start":{"line":65,"column":4},"end":{"line":65,"column":32}},"23":{"start":{"line":68,"column":4},"end":{"line":75,"column":7}},"24":{"start":{"line":70,"column":8},"end":{"line":70,"column":31}},"25":{"start":{"line":70,"column":17},"end":{"line":70,"column":31}},"26":{"start":{"line":72,"column":8},"end":{"line":72,"column":36}},"27":{"start":{"line":74,"column":8},"end":{"line":74,"column":63}},"28":{"start":{"line":79,"column":0},"end":{"line":92,"column":3}},"29":{"start":{"line":81,"column":4},"end":{"line":81,"column":32}},"30":{"start":{"line":84,"column":4},"end":{"line":91,"column":7}},"31":{"start":{"line":86,"column":8},"end":{"line":86,"column":31}},"32":{"start":{"line":86,"column":17},"end":{"line":86,"column":31}},"33":{"start":{"line":88,"column":8},"end":{"line":88,"column":35}},"34":{"start":{"line":90,"column":8},"end":{"line":90,"column":61}},"35":{"start":{"line":95,"column":0},"end":{"line":111,"column":3}},"36":{"start":{"line":97,"column":4},"end":{"line":97,"column":34}},"37":{"start":{"line":99,"column":22},"end":{"line":99,"column":111}},"38":{"start":{"line":103,"column":4},"end":{"line":110,"column":7}},"39":{"start":{"line":105,"column":8},"end":{"line":105,"column":31}},"40":{"start":{"line":105,"column":17},"end":{"line":105,"column":31}},"41":{"start":{"line":107,"column":8},"end":{"line":107,"column":28}},"42":{"start":{"line":109,"column":8},"end":{"line":109,"column":66}},"43":{"start":{"line":114,"column":0},"end":{"line":127,"column":3}},"44":{"start":{"line":116,"column":4},"end":{"line":116,"column":37}},"45":{"start":{"line":119,"column":4},"end":{"line":126,"column":7}},"46":{"start":{"line":121,"column":8},"end":{"line":121,"column":31}},"47":{"start":{"line":121,"column":17},"end":{"line":121,"column":31}},"48":{"start":{"line":123,"column":8},"end":{"line":123,"column":28}},"49":{"start":{"line":125,"column":8},"end":{"line":125,"column":66}},"50":{"start":{"line":130,"column":0},"end":{"line":130,"column":36}}},"fnMap":{"0":{"name":"(anonymous_0)","decl":{"start":{"line":30,"column":18},"end":{"line":30,"column":19}},"loc":{"start":{"line":30,"column":68},"end":{"line":40,"column":1}},"line":30},"1":{"name":"(anonymous_1)","decl":{"start":{"line":43,"column":20},"end":{"line":43,"column":21}},"loc":{"start":{"line":43,"column":33},"end":{"line":60,"column":1}},"line":43},"2":{"name":"(anonymous_2)","decl":{"start":{"line":52,"column":20},"end":{"line":52,"column":21}},"loc":{"start":{"line":52,"column":35},"end":{"line":59,"column":5}},"line":52},"3":{"name":"(anonymous_3)","decl":{"start":{"line":63,"column":17},"end":{"line":63,"column":18}},"loc":{"start":{"line":63,"column":30},"end":{"line":76,"column":1}},"line":63},"4":{"name":"(anonymous_4)","decl":{"start":{"line":68,"column":16},"end":{"line":68,"column":17}},"loc":{"start":{"line":68,"column":32},"end":{"line":75,"column":5}},"line":68},"5":{"name":"(anonymous_5)","decl":{"start":{"line":79,"column":21},"end":{"line":79,"column":22}},"loc":{"start":{"line":79,"column":34},"end":{"line":92,"column":1}},"line":79},"6":{"name":"(anonymous_6)","decl":{"start":{"line":84,"column":45},"end":{"line":84,"column":46}},"loc":{"start":{"line":84,"column":60},"end":{"line":91,"column":5}},"line":84},"7":{"name":"(anonymous_7)","decl":{"start":{"line":95,"column":23},"end":{"line":95,"column":24}},"loc":{"start":{"line":95,"column":36},"end":{"line":111,"column":1}},"line":95},"8":{"name":"(anonymous_8)","decl":{"start":{"line":103,"column":60},"end":{"line":103,"column":61}},"loc":{"start":{"line":103,"column":77},"end":{"line":110,"column":5}},"line":103},"9":{"name":"(anonymous_9)","decl":{"start":{"line":114,"column":26},"end":{"line":114,"column":27}},"loc":{"start":{"line":114,"column":39},"end":{"line":127,"column":1}},"line":114},"10":{"name":"(anonymous_10)","decl":{"start":{"line":119,"column":47},"end":{"line":119,"column":48}},"loc":{"start":{"line":119,"column":64},"end":{"line":126,"column":5}},"line":119}},"branchMap":{"0":{"loc":{"start":{"line":54,"column":8},"end":{"line":54,"column":31}},"type":"if","locations":[{"start":{"line":54,"column":8},"end":{"line":54,"column":31}},{"start":{},"end":{}}],"line":54},"1":{"loc":{"start":{"line":70,"column":8},"end":{"line":70,"column":31}},"type":"if","locations":[{"start":{"line":70,"column":8},"end":{"line":70,"column":31}},{"start":{},"end":{}}],"line":70},"2":{"loc":{"start":{"line":86,"column":8},"end":{"line":86,"column":31}},"type":"if","locations":[{"start":{"line":86,"column":8},"end":{"line":86,"column":31}},{"start":{},"end":{}}],"line":86},"3":{"loc":{"start":{"line":105,"column":8},"end":{"line":105,"column":31}},"type":"if","locations":[{"start":{"line":105,"column":8},"end":{"line":105,"column":31}},{"start":{},"end":{}}],"line":105},"4":{"loc":{"start":{"line":121,"column":8},"end":{"line":121,"column":31}},"type":"if","locations":[{"start":{"line":121,"column":8},"end":{"line":121,"column":31}},{"start":{},"end":{}}],"line":121}},"s":{"0":1,"1":1,"2":1,"3":1,"4":1,"5":1,"6":1,"7":1,"8":1,"9":1,"10":1,"11":1,"12":1,"13":0,"14":0,"15":0,"16":0,"17":0,"18":0,"19":0,"20":0,"21":1,"22":1,"23":1,"24":1,"25":0,"26":1,"27":1,"28":1,"29":0,"30":0,"31":0,"32":0,"33":0,"34":0,"35":1,"36":0,"37":0,"38":0,"39":0,"40":0,"41":0,"42":0,"43":1,"44":0,"45":0,"46":0,"47":0,"48":0,"49":0,"50":1},"f":{"0":1,"1":0,"2":0,"3":1,"4":1,"5":0,"6":0,"7":0,"8":0,"9":0,"10":0},"b":{"0":[0,0],"1":[0,1],"2":[0,0],"3":[0,0],"4":[0,0]},"_coverageSchema":"1a1c01bbd47fc00a2c39e90264f33305004495a9","hash":"e92b89379f233bea15b8fafafcc268dd648feade"}
}
