TN:
SF:app.js
FN:30,(anonymous_0)
FN:43,(anonymous_1)
FN:52,(anonymous_2)
FN:63,(anonymous_3)
FN:68,(anonymous_4)
FN:79,(anonymous_5)
FN:84,(anonymous_6)
FN:95,(anonymous_7)
FN:103,(anonymous_8)
FN:114,(anonymous_9)
FN:119,(anonymous_10)
FNF:11
FNH:3
FNDA:1,(anonymous_0)
FNDA:0,(anonymous_1)
FNDA:0,(anonymous_2)
FNDA:1,(anonymous_3)
FNDA:1,(anonymous_4)
FNDA:0,(anonymous_5)
FNDA:0,(anonymous_6)
FNDA:0,(anonymous_7)
FNDA:0,(anonymous_8)
FNDA:0,(anonymous_9)
FNDA:0,(anonymous_10)
DA:2,1
DA:5,1
DA:8,1
DA:11,1
DA:14,1
DA:17,1
DA:18,1
DA:23,1
DA:26,1
DA:30,1
DA:32,1
DA:39,1
DA:43,1
DA:45,0
DA:47,0
DA:49,0
DA:52,0
DA:54,0
DA:56,0
DA:58,0
DA:63,1
DA:65,1
DA:68,1
DA:70,1
DA:72,1
DA:74,1
DA:79,1
DA:81,0
DA:84,0
DA:86,0
DA:88,0
DA:90,0
DA:95,1
DA:97,0
DA:99,0
DA:103,0
DA:105,0
DA:107,0
DA:109,0
DA:114,1
DA:116,0
DA:119,0
DA:121,0
DA:123,0
DA:125,0
DA:130,1
LF:46
LH:23
BRDA:54,0,0,0
BRDA:54,0,1,0
BRDA:70,1,0,0
BRDA:70,1,1,1
BRDA:86,2,0,0
BRDA:86,2,1,0
BRDA:105,3,0,0
BRDA:105,3,1,0
BRDA:121,4,0,0
BRDA:121,4,1,0
BRF:10
BRH:1
end_of_record
